e:\big_man\vs_workspace\mfc\mfc_uart1\mfc_uart1\debug\mfc_uart1.pch
e:\big_man\vs_workspace\mfc\mfc_uart1\mfc_uart1\debug\vc141.pdb
e:\big_man\vs_workspace\mfc\mfc_uart1\mfc_uart1\debug\vc141.idb
e:\big_man\vs_workspace\mfc\mfc_uart1\mfc_uart1\debug\stdafx.obj
e:\big_man\vs_workspace\mfc\mfc_uart1\mfc_uart1\debug\serialport.obj
e:\big_man\vs_workspace\mfc\mfc_uart1\mfc_uart1\debug\mfc_uart1.obj
e:\big_man\vs_workspace\mfc\mfc_uart1\mfc_uart1\debug\mfc_uart1dlg.obj
e:\big_man\vs_workspace\mfc\mfc_uart1\debug\mfc_uart1.ilk
e:\big_man\vs_workspace\mfc\mfc_uart1\debug\mfc_uart1.exe
e:\big_man\vs_workspace\mfc\mfc_uart1\debug\mfc_uart1.pdb
e:\big_man\vs_workspace\mfc\mfc_uart1\mfc_uart1\debug\mfc_uart1.res
e:\big_man\vs_workspace\mfc\mfc_uart1\mfc_uart1\debug\mfc_uart1.tlog\cl.command.1.tlog
e:\big_man\vs_workspace\mfc\mfc_uart1\mfc_uart1\debug\mfc_uart1.tlog\cl.read.1.tlog
e:\big_man\vs_workspace\mfc\mfc_uart1\mfc_uart1\debug\mfc_uart1.tlog\cl.write.1.tlog
e:\big_man\vs_workspace\mfc\mfc_uart1\mfc_uart1\debug\mfc_uart1.tlog\link.command.1.tlog
e:\big_man\vs_workspace\mfc\mfc_uart1\mfc_uart1\debug\mfc_uart1.tlog\link.read.1.tlog
e:\big_man\vs_workspace\mfc\mfc_uart1\mfc_uart1\debug\mfc_uart1.tlog\link.write.1.tlog
e:\big_man\vs_workspace\mfc\mfc_uart1\mfc_uart1\debug\mfc_uart1.tlog\rc.command.1.tlog
e:\big_man\vs_workspace\mfc\mfc_uart1\mfc_uart1\debug\mfc_uart1.tlog\rc.read.1.tlog
e:\big_man\vs_workspace\mfc\mfc_uart1\mfc_uart1\debug\mfc_uart1.tlog\rc.write.1.tlog
